<?xml version="1.0" encoding="UTF-8"?>
<testsuite name="TestParserWorker" tests="1" skipped="0" failures="0" errors="0" timestamp="2020-12-13T21:26:41" hostname="pepper236723" time="0.006">
  <properties/>
  <testcase name="testDefaultRun" classname="TestParserWorker" time="0.006"/>
  <system-out><![CDATA[]]></system-out>
  <system-err><![CDATA[]]></system-err>
</testsuite>
