<?xml version="1.0" encoding="UTF-8"?>
<testsuite name="JustTest" tests="6" skipped="0" failures="0" errors="0" timestamp="2020-11-29T20:34:40" hostname="pepper236723" time="0.006">
  <properties/>
  <testcase name="testTransformForString" classname="JustTest" time="0.002"/>
  <testcase name="testFilterForInt" classname="JustTest" time="0.001"/>
  <testcase name="testTransformForInt" classname="JustTest" time="0.0"/>
  <testcase name="testFilterForString" classname="JustTest" time="0.0"/>
  <testcase name="testFilterForFloat" classname="JustTest" time="0.0"/>
  <testcase name="testTransformForFloat" classname="JustTest" time="0.0"/>
  <system-out><![CDATA[]]></system-out>
  <system-err><![CDATA[]]></system-err>
</testsuite>
